<?xml version="1.0" encoding="UTF-8"?>
<testng-results skipped="0" failed="0" ignored="0" total="1" passed="1">
  <reporter-output>
  </reporter-output>
  <suite name="Suite" duration-ms="11486" started-at="2020-07-30T14:03:50Z" finished-at="2020-07-30T14:04:01Z">
    <groups>
    </groups>
    <test name="Test" duration-ms="11486" started-at="2020-07-30T14:03:50Z" finished-at="2020-07-30T14:04:01Z">
      <class name="com.localproject.testcases.CheckTitle">
        <test-method status="PASS" signature="openPageTitle()[pri:0, instance:com.localproject.testcases.CheckTitle@1d251891]" name="openPageTitle" duration-ms="11436" started-at="2020-07-30T14:03:50Z" finished-at="2020-07-30T14:04:01Z">
          <reporter-output>
          </reporter-output>
        </test-method> <!-- openPageTitle -->
      </class> <!-- com.localproject.testcases.CheckTitle -->
    </test> <!-- Test -->
  </suite> <!-- Suite -->
</testng-results>
