<?xml version="1.0" encoding="UTF-8"?>
<testng-results skipped="0" failed="0" total="1" passed="1">
  <reporter-output>
  </reporter-output>
  <suite name="Default suite" duration-ms="11200" started-at="2020-07-30T13:55:14Z" finished-at="2020-07-30T13:55:26Z">
    <groups>
    </groups>
    <test name="Default test" duration-ms="11200" started-at="2020-07-30T13:55:14Z" finished-at="2020-07-30T13:55:26Z">
      <class name="com.localproject.testcases.CheckTitle">
        <test-method status="PASS" signature="openPageTitle()[pri:0, instance:com.localproject.testcases.CheckTitle@523884b2]" name="openPageTitle" duration-ms="11180" started-at="2020-07-30T19:25:14Z" finished-at="2020-07-30T19:25:26Z">
          <reporter-output>
          </reporter-output>
        </test-method> <!-- openPageTitle -->
      </class> <!-- com.localproject.testcases.CheckTitle -->
    </test> <!-- Default test -->
  </suite> <!-- Default suite -->
</testng-results>
